(0000) 3000  0011000000000000 (   1)                 .ORIG x3000
(3000) A016  1010000000010110 (   2)                 LDI   R0 ORI
(3001) 54A0  0101010010100000 (   3)                 AND   R2 R2 #0
(3002) 56E0  0101011011100000 (   4)                 AND   R3 R3 #0
(3003) 5920  0101100100100000 (   5)                 AND   R4 R4 #0
(3004) 5B60  0101101101100000 (   6)                 AND   R5 R5 #0
(3005) A211  1010001000010001 (   7)                 LDI   R1 ORI
(3006) 5021  0101000000100001 (   8)                 AND   R0 R0 #1
(3007) 0A02  0000101000000010 (   9)                 BRNP  x300A
(3008) 927F  1001001001111111 (  10)                 NOT   R1 R1
(3009) 1261  0001001001100001 (  11)                 ADD   R1 R1 #1
(300A) 1B61  0001101101100001 (  12)                 ADD   R5 R5 #1
(300B) 14AF  0001010010101111 (  13)                 ADD   R2 R2 #15
(300C) 14A1  0001010010100001 (  14)                 ADD   R2 R2 #1
(300D) 5845  0101100001000101 (  15) LOOP            AND   R4 R1 R5
(300E) 0A01  0000101000000001 (  16)                 BRNP  x3010
(300F) 16E1  0001011011100001 (  17)                 ADD   R3 R3 #1
(3010) 1B45  0001101101000101 (  18)                 ADD   R5 R5 R5
(3011) 14BF  0001010010111111 (  19)                 ADD   R2 R2 #-1
(3012) 03FA  0000001111111010 (  20)                 BRP   LOOP
(3013) A404  1010010000000100 (  21)                 LDI   R2 STU_NUM
(3014) 16C2  0001011011000010 (  22)                 ADD   R3 R3 R2
(3015) B603  1011011000000011 (  23)                 STI   R3 RES
(3016) F025  1111000000100101 (  24)                 TRAP  x25
(3017) 3100  0011000100000000 (  25) ORI             .FILL x3100
(3018) 3101  0011000100000001 (  26) STU_NUM         .FILL x3101
(3019) 3102  0011000100000010 (  27) RES             .FILL x3102
