===== lab1 =====
23
21
15
===== lab2 =====
3
14
786
===== lab3 =====
19
0
115
===== lab4 =====
000000000001
000000000101
000000000100
000000000110
000000000111
000000000001
000000000101
000000000100
000000000110
000000000111
000000010111
000000010110
000000010100
000000010101
000000010001
000000010000
000000010010
000000010011
000000011011
000000011010
000000011000
000000011001
000000011101
000000011100
000000011110
000000011111
000000000001
000000000101
000000000100
000000000110
000000000111
000000010111
000000010110
000000010100
000000010101
000000010001
000000010000
000000010010
000000010011
000000011011
000000011010
000000011000
000000011001
000000011101
000000011100
000000011110
000000011111
000001011111
000001011110
000001011100
000001011101
000001011001
000001011000
000001011010
000001011011
000001010011
000001010010
000001010000
000001010001
000001010101
000001010100
000001010110
000001010111
000001000111
000001000110
000001000100
000001000101
000001000001
000001000000
000001000010
000001000011
000001001011
000001001010
000001001000
000001001001
000001001101
000001001100
000001001110
000001001111
000001101111
000001101110
000001101100
000001101101
000001101001
000001101000
000001101010
000001101011
000001100011
000001100010
000001100000
000001100001
000001100101
000001100100
000001100110
000001100111
000001110111
000001110110
000001110100
000001110101
000001110001
000001110000
000001110010
000001110011
000001111011
000001111010
000001111000
000001111001
000001111101
000001111100
000001111110
000001111111
